TN:
SF:src/account.js
FN:2,(anonymous_0)
FN:7,(anonymous_1)
FN:17,(anonymous_2)
FNF:3
FNH:3
FNDA:7,(anonymous_0)
FNDA:4,(anonymous_1)
FNDA:4,(anonymous_2)
DA:3,7
DA:4,7
DA:8,4
DA:9,3
DA:10,3
DA:18,4
DA:19,3
DA:20,3
DA:28,8
DA:29,2
DA:33,1
LF:11
LH:11
BRDA:28,0,0,2
BRDA:28,0,1,6
BRF:2
BRH:2
end_of_record
TN:
SF:src/statement.js
FN:2,(anonymous_0)
FN:7,(anonymous_1)
FN:11,(anonymous_2)
FN:12,(anonymous_3)
FNF:4
FNH:4
FNDA:3,(anonymous_0)
FNDA:3,(anonymous_1)
FNDA:2,(anonymous_2)
FNDA:4,(anonymous_3)
DA:3,3
DA:4,3
DA:8,3
DA:12,2
DA:13,4
DA:14,4
DA:15,4
DA:16,4
DA:18,4
DA:23,3
DA:27,4
DA:28,4
DA:32,4
DA:33,4
DA:37,8
DA:38,4
DA:40,4
DA:45,1
LF:18
LH:18
BRDA:37,0,0,4
BRDA:37,0,1,4
BRF:2
BRH:2
end_of_record
